[19-Aug-2023 16:26:52 UTC] PHP Warning:  Attempt to read property "title" on null in C:\Users\draga\Local Sites\dragan-concept\app\public\wp-includes\class-wp-customize-widgets.php on line 905
[20-Aug-2023 11:13:28 UTC] PHP Warning:  Trying to access array offset on value of type null in C:\Users\draga\Local Sites\dragan-concept\app\public\wp-content\themes\dragan-concept\single-portfolio.php on line 15
[20-Aug-2023 11:13:28 UTC] PHP Warning:  Trying to access array offset on value of type null in C:\Users\draga\Local Sites\dragan-concept\app\public\wp-content\themes\dragan-concept\single-portfolio.php on line 25
[20-Aug-2023 11:13:28 UTC] PHP Warning:  Trying to access array offset on value of type null in C:\Users\draga\Local Sites\dragan-concept\app\public\wp-content\themes\dragan-concept\single-portfolio.php on line 25
[20-Aug-2023 11:13:28 UTC] PHP Warning:  Trying to access array offset on value of type null in C:\Users\draga\Local Sites\dragan-concept\app\public\wp-content\themes\dragan-concept\single-portfolio.php on line 32
[20-Aug-2023 11:13:28 UTC] PHP Warning:  Trying to access array offset on value of type null in C:\Users\draga\Local Sites\dragan-concept\app\public\wp-content\themes\dragan-concept\single-portfolio.php on line 32
[20-Aug-2023 11:13:28 UTC] PHP Warning:  Trying to access array offset on value of type null in C:\Users\draga\Local Sites\dragan-concept\app\public\wp-content\themes\dragan-concept\single-portfolio.php on line 35
[20-Aug-2023 11:13:28 UTC] PHP Warning:  Trying to access array offset on value of type null in C:\Users\draga\Local Sites\dragan-concept\app\public\wp-content\themes\dragan-concept\single-portfolio.php on line 35
[20-Aug-2023 13:47:01 UTC] PHP Warning:  Trying to access array offset on value of type null in C:\Users\draga\Local Sites\dragan-concept\app\public\wp-content\themes\dragan-concept\single-portfolio.php on line 15
[20-Aug-2023 13:47:01 UTC] PHP Warning:  Trying to access array offset on value of type null in C:\Users\draga\Local Sites\dragan-concept\app\public\wp-content\themes\dragan-concept\single-portfolio.php on line 25
[20-Aug-2023 13:47:01 UTC] PHP Warning:  Trying to access array offset on value of type null in C:\Users\draga\Local Sites\dragan-concept\app\public\wp-content\themes\dragan-concept\single-portfolio.php on line 25
[20-Aug-2023 13:47:01 UTC] PHP Warning:  Trying to access array offset on value of type null in C:\Users\draga\Local Sites\dragan-concept\app\public\wp-content\themes\dragan-concept\single-portfolio.php on line 32
[20-Aug-2023 13:47:01 UTC] PHP Warning:  Trying to access array offset on value of type null in C:\Users\draga\Local Sites\dragan-concept\app\public\wp-content\themes\dragan-concept\single-portfolio.php on line 32
[20-Aug-2023 13:47:01 UTC] PHP Warning:  Trying to access array offset on value of type null in C:\Users\draga\Local Sites\dragan-concept\app\public\wp-content\themes\dragan-concept\single-portfolio.php on line 35
[20-Aug-2023 13:47:01 UTC] PHP Warning:  Trying to access array offset on value of type null in C:\Users\draga\Local Sites\dragan-concept\app\public\wp-content\themes\dragan-concept\single-portfolio.php on line 35
[20-Aug-2023 14:04:08 UTC] PHP Warning:  Trying to access array offset on value of type null in C:\Users\draga\Local Sites\dragan-concept\app\public\wp-content\themes\dragan-concept\single-portfolio.php on line 15
[20-Aug-2023 14:04:08 UTC] PHP Warning:  Trying to access array offset on value of type null in C:\Users\draga\Local Sites\dragan-concept\app\public\wp-content\themes\dragan-concept\single-portfolio.php on line 25
[20-Aug-2023 14:04:08 UTC] PHP Warning:  Trying to access array offset on value of type null in C:\Users\draga\Local Sites\dragan-concept\app\public\wp-content\themes\dragan-concept\single-portfolio.php on line 25
[20-Aug-2023 14:04:08 UTC] PHP Warning:  Trying to access array offset on value of type null in C:\Users\draga\Local Sites\dragan-concept\app\public\wp-content\themes\dragan-concept\single-portfolio.php on line 32
[20-Aug-2023 14:04:08 UTC] PHP Warning:  Trying to access array offset on value of type null in C:\Users\draga\Local Sites\dragan-concept\app\public\wp-content\themes\dragan-concept\single-portfolio.php on line 32
[20-Aug-2023 14:04:08 UTC] PHP Warning:  Trying to access array offset on value of type null in C:\Users\draga\Local Sites\dragan-concept\app\public\wp-content\themes\dragan-concept\single-portfolio.php on line 35
[20-Aug-2023 14:04:08 UTC] PHP Warning:  Trying to access array offset on value of type null in C:\Users\draga\Local Sites\dragan-concept\app\public\wp-content\themes\dragan-concept\single-portfolio.php on line 35
[20-Aug-2023 14:07:25 UTC] PHP Warning:  Trying to access array offset on value of type null in C:\Users\draga\Local Sites\dragan-concept\app\public\wp-content\themes\dragan-concept\single-portfolio.php on line 15
[20-Aug-2023 14:07:25 UTC] PHP Warning:  Trying to access array offset on value of type null in C:\Users\draga\Local Sites\dragan-concept\app\public\wp-content\themes\dragan-concept\single-portfolio.php on line 25
[20-Aug-2023 14:07:25 UTC] PHP Warning:  Trying to access array offset on value of type null in C:\Users\draga\Local Sites\dragan-concept\app\public\wp-content\themes\dragan-concept\single-portfolio.php on line 25
[20-Aug-2023 14:07:25 UTC] PHP Warning:  Trying to access array offset on value of type null in C:\Users\draga\Local Sites\dragan-concept\app\public\wp-content\themes\dragan-concept\single-portfolio.php on line 32
[20-Aug-2023 14:07:25 UTC] PHP Warning:  Trying to access array offset on value of type null in C:\Users\draga\Local Sites\dragan-concept\app\public\wp-content\themes\dragan-concept\single-portfolio.php on line 32
[20-Aug-2023 14:07:25 UTC] PHP Warning:  Trying to access array offset on value of type null in C:\Users\draga\Local Sites\dragan-concept\app\public\wp-content\themes\dragan-concept\single-portfolio.php on line 35
[20-Aug-2023 14:07:25 UTC] PHP Warning:  Trying to access array offset on value of type null in C:\Users\draga\Local Sites\dragan-concept\app\public\wp-content\themes\dragan-concept\single-portfolio.php on line 35
[20-Aug-2023 14:07:56 UTC] PHP Warning:  Trying to access array offset on value of type null in C:\Users\draga\Local Sites\dragan-concept\app\public\wp-content\themes\dragan-concept\single-portfolio.php on line 15
[20-Aug-2023 14:07:56 UTC] PHP Warning:  Trying to access array offset on value of type null in C:\Users\draga\Local Sites\dragan-concept\app\public\wp-content\themes\dragan-concept\single-portfolio.php on line 25
[20-Aug-2023 14:07:56 UTC] PHP Warning:  Trying to access array offset on value of type null in C:\Users\draga\Local Sites\dragan-concept\app\public\wp-content\themes\dragan-concept\single-portfolio.php on line 25
[20-Aug-2023 14:07:56 UTC] PHP Warning:  Trying to access array offset on value of type null in C:\Users\draga\Local Sites\dragan-concept\app\public\wp-content\themes\dragan-concept\single-portfolio.php on line 32
[20-Aug-2023 14:07:56 UTC] PHP Warning:  Trying to access array offset on value of type null in C:\Users\draga\Local Sites\dragan-concept\app\public\wp-content\themes\dragan-concept\single-portfolio.php on line 32
[20-Aug-2023 14:07:56 UTC] PHP Warning:  Trying to access array offset on value of type null in C:\Users\draga\Local Sites\dragan-concept\app\public\wp-content\themes\dragan-concept\single-portfolio.php on line 35
[20-Aug-2023 14:07:56 UTC] PHP Warning:  Trying to access array offset on value of type null in C:\Users\draga\Local Sites\dragan-concept\app\public\wp-content\themes\dragan-concept\single-portfolio.php on line 35
[20-Aug-2023 18:07:22 UTC] PHP Fatal error:  Uncaught Error: Call to undefined function get_field() in C:\Users\draga\Local Sites\dragan-concept\app\public\wp-content\themes\dragan-concept\front-page.php:57
Stack trace:
#0 C:\Users\draga\Local Sites\dragan-concept\app\public\wp-includes\template-loader.php(106): include()
#1 C:\Users\draga\Local Sites\dragan-concept\app\public\wp-blog-header.php(19): require_once('C:\\Users\\draga\\...')
#2 C:\Users\draga\Local Sites\dragan-concept\app\public\index.php(17): require('C:\\Users\\draga\\...')
#3 {main}
  thrown in C:\Users\draga\Local Sites\dragan-concept\app\public\wp-content\themes\dragan-concept\front-page.php on line 57
[20-Aug-2023 18:07:28 UTC] PHP Fatal error:  Uncaught Error: Call to undefined function get_field() in C:\Users\draga\Local Sites\dragan-concept\app\public\wp-content\themes\dragan-concept\page-portfolio.php:23
Stack trace:
#0 C:\Users\draga\Local Sites\dragan-concept\app\public\wp-includes\template-loader.php(106): include()
#1 C:\Users\draga\Local Sites\dragan-concept\app\public\wp-blog-header.php(19): require_once('C:\\Users\\draga\\...')
#2 C:\Users\draga\Local Sites\dragan-concept\app\public\index.php(17): require('C:\\Users\\draga\\...')
#3 {main}
  thrown in C:\Users\draga\Local Sites\dragan-concept\app\public\wp-content\themes\dragan-concept\page-portfolio.php on line 23
[20-Aug-2023 18:07:54 UTC] PHP Fatal error:  Uncaught Error: Call to undefined function get_field() in C:\Users\draga\Local Sites\dragan-concept\app\public\wp-content\themes\dragan-concept\front-page.php:57
Stack trace:
#0 C:\Users\draga\Local Sites\dragan-concept\app\public\wp-includes\template-loader.php(106): include()
#1 C:\Users\draga\Local Sites\dragan-concept\app\public\wp-blog-header.php(19): require_once('C:\\Users\\draga\\...')
#2 C:\Users\draga\Local Sites\dragan-concept\app\public\index.php(17): require('C:\\Users\\draga\\...')
#3 {main}
  thrown in C:\Users\draga\Local Sites\dragan-concept\app\public\wp-content\themes\dragan-concept\front-page.php on line 57
[20-Aug-2023 18:08:32 UTC] PHP Fatal error:  Uncaught Error: Call to undefined function get_field() in C:\Users\draga\Local Sites\dragan-concept\app\public\wp-content\themes\dragan-concept\page-portfolio.php:23
Stack trace:
#0 C:\Users\draga\Local Sites\dragan-concept\app\public\wp-includes\template-loader.php(106): include()
#1 C:\Users\draga\Local Sites\dragan-concept\app\public\wp-blog-header.php(19): require_once('C:\\Users\\draga\\...')
#2 C:\Users\draga\Local Sites\dragan-concept\app\public\index.php(17): require('C:\\Users\\draga\\...')
#3 {main}
  thrown in C:\Users\draga\Local Sites\dragan-concept\app\public\wp-content\themes\dragan-concept\page-portfolio.php on line 23
[20-Aug-2023 19:49:16 UTC] PHP Warning:  Trying to access array offset on value of type null in C:\Users\draga\Local Sites\dragan-concept\app\public\wp-content\themes\dragan-concept\single-projet.php on line 29
[20-Aug-2023 19:49:16 UTC] PHP Warning:  Trying to access array offset on value of type null in C:\Users\draga\Local Sites\dragan-concept\app\public\wp-content\themes\dragan-concept\single-projet.php on line 29
[20-Aug-2023 19:49:16 UTC] PHP Warning:  Trying to access array offset on value of type null in C:\Users\draga\Local Sites\dragan-concept\app\public\wp-content\themes\dragan-concept\single-projet.php on line 36
[20-Aug-2023 19:49:16 UTC] PHP Warning:  Trying to access array offset on value of type null in C:\Users\draga\Local Sites\dragan-concept\app\public\wp-content\themes\dragan-concept\single-projet.php on line 36
[20-Aug-2023 19:49:16 UTC] PHP Warning:  Trying to access array offset on value of type null in C:\Users\draga\Local Sites\dragan-concept\app\public\wp-content\themes\dragan-concept\single-projet.php on line 39
[20-Aug-2023 19:49:16 UTC] PHP Warning:  Trying to access array offset on value of type null in C:\Users\draga\Local Sites\dragan-concept\app\public\wp-content\themes\dragan-concept\single-projet.php on line 39
[20-Aug-2023 19:49:49 UTC] PHP Warning:  Trying to access array offset on value of type null in C:\Users\draga\Local Sites\dragan-concept\app\public\wp-content\themes\dragan-concept\single-projet.php on line 29
[20-Aug-2023 19:49:49 UTC] PHP Warning:  Trying to access array offset on value of type null in C:\Users\draga\Local Sites\dragan-concept\app\public\wp-content\themes\dragan-concept\single-projet.php on line 29
[20-Aug-2023 19:49:49 UTC] PHP Warning:  Trying to access array offset on value of type null in C:\Users\draga\Local Sites\dragan-concept\app\public\wp-content\themes\dragan-concept\single-projet.php on line 36
[20-Aug-2023 19:49:49 UTC] PHP Warning:  Trying to access array offset on value of type null in C:\Users\draga\Local Sites\dragan-concept\app\public\wp-content\themes\dragan-concept\single-projet.php on line 36
[20-Aug-2023 19:49:49 UTC] PHP Warning:  Trying to access array offset on value of type null in C:\Users\draga\Local Sites\dragan-concept\app\public\wp-content\themes\dragan-concept\single-projet.php on line 39
[20-Aug-2023 19:49:49 UTC] PHP Warning:  Trying to access array offset on value of type null in C:\Users\draga\Local Sites\dragan-concept\app\public\wp-content\themes\dragan-concept\single-projet.php on line 39
[20-Aug-2023 19:49:59 UTC] PHP Warning:  Trying to access array offset on value of type null in C:\Users\draga\Local Sites\dragan-concept\app\public\wp-content\themes\dragan-concept\single-projet.php on line 29
[20-Aug-2023 19:49:59 UTC] PHP Warning:  Trying to access array offset on value of type null in C:\Users\draga\Local Sites\dragan-concept\app\public\wp-content\themes\dragan-concept\single-projet.php on line 29
[20-Aug-2023 19:49:59 UTC] PHP Warning:  Trying to access array offset on value of type null in C:\Users\draga\Local Sites\dragan-concept\app\public\wp-content\themes\dragan-concept\single-projet.php on line 36
[20-Aug-2023 19:49:59 UTC] PHP Warning:  Trying to access array offset on value of type null in C:\Users\draga\Local Sites\dragan-concept\app\public\wp-content\themes\dragan-concept\single-projet.php on line 36
[20-Aug-2023 19:49:59 UTC] PHP Warning:  Trying to access array offset on value of type null in C:\Users\draga\Local Sites\dragan-concept\app\public\wp-content\themes\dragan-concept\single-projet.php on line 39
[20-Aug-2023 19:49:59 UTC] PHP Warning:  Trying to access array offset on value of type null in C:\Users\draga\Local Sites\dragan-concept\app\public\wp-content\themes\dragan-concept\single-projet.php on line 39
[20-Aug-2023 19:50:39 UTC] PHP Warning:  Trying to access array offset on value of type null in C:\Users\draga\Local Sites\dragan-concept\app\public\wp-content\themes\dragan-concept\single-projet.php on line 29
[20-Aug-2023 19:50:39 UTC] PHP Warning:  Trying to access array offset on value of type null in C:\Users\draga\Local Sites\dragan-concept\app\public\wp-content\themes\dragan-concept\single-projet.php on line 29
[20-Aug-2023 19:50:39 UTC] PHP Warning:  Trying to access array offset on value of type null in C:\Users\draga\Local Sites\dragan-concept\app\public\wp-content\themes\dragan-concept\single-projet.php on line 36
[20-Aug-2023 19:50:39 UTC] PHP Warning:  Trying to access array offset on value of type null in C:\Users\draga\Local Sites\dragan-concept\app\public\wp-content\themes\dragan-concept\single-projet.php on line 36
[20-Aug-2023 19:50:39 UTC] PHP Warning:  Trying to access array offset on value of type null in C:\Users\draga\Local Sites\dragan-concept\app\public\wp-content\themes\dragan-concept\single-projet.php on line 39
[20-Aug-2023 19:50:39 UTC] PHP Warning:  Trying to access array offset on value of type null in C:\Users\draga\Local Sites\dragan-concept\app\public\wp-content\themes\dragan-concept\single-projet.php on line 39
[21-Aug-2023 07:22:59 UTC] PHP Warning:  Trying to access array offset on value of type null in C:\Users\draga\Local Sites\dragan-concept\app\public\wp-content\themes\dragan-concept\single-projet.php on line 29
[21-Aug-2023 07:22:59 UTC] PHP Warning:  Trying to access array offset on value of type null in C:\Users\draga\Local Sites\dragan-concept\app\public\wp-content\themes\dragan-concept\single-projet.php on line 29
[21-Aug-2023 07:22:59 UTC] PHP Warning:  Trying to access array offset on value of type null in C:\Users\draga\Local Sites\dragan-concept\app\public\wp-content\themes\dragan-concept\single-projet.php on line 36
[21-Aug-2023 07:22:59 UTC] PHP Warning:  Trying to access array offset on value of type null in C:\Users\draga\Local Sites\dragan-concept\app\public\wp-content\themes\dragan-concept\single-projet.php on line 36
[21-Aug-2023 07:22:59 UTC] PHP Warning:  Trying to access array offset on value of type null in C:\Users\draga\Local Sites\dragan-concept\app\public\wp-content\themes\dragan-concept\single-projet.php on line 39
[21-Aug-2023 07:22:59 UTC] PHP Warning:  Trying to access array offset on value of type null in C:\Users\draga\Local Sites\dragan-concept\app\public\wp-content\themes\dragan-concept\single-projet.php on line 39
[21-Aug-2023 07:24:43 UTC] PHP Warning:  Trying to access array offset on value of type null in C:\Users\draga\Local Sites\dragan-concept\app\public\wp-content\themes\dragan-concept\single-projet.php on line 29
[21-Aug-2023 07:24:43 UTC] PHP Warning:  Trying to access array offset on value of type null in C:\Users\draga\Local Sites\dragan-concept\app\public\wp-content\themes\dragan-concept\single-projet.php on line 29
[21-Aug-2023 07:24:43 UTC] PHP Warning:  Trying to access array offset on value of type null in C:\Users\draga\Local Sites\dragan-concept\app\public\wp-content\themes\dragan-concept\single-projet.php on line 36
[21-Aug-2023 07:24:43 UTC] PHP Warning:  Trying to access array offset on value of type null in C:\Users\draga\Local Sites\dragan-concept\app\public\wp-content\themes\dragan-concept\single-projet.php on line 36
[21-Aug-2023 07:24:43 UTC] PHP Warning:  Trying to access array offset on value of type null in C:\Users\draga\Local Sites\dragan-concept\app\public\wp-content\themes\dragan-concept\single-projet.php on line 39
[21-Aug-2023 07:24:43 UTC] PHP Warning:  Trying to access array offset on value of type null in C:\Users\draga\Local Sites\dragan-concept\app\public\wp-content\themes\dragan-concept\single-projet.php on line 39
[21-Aug-2023 10:32:10 UTC] PHP Warning:  Trying to access array offset on value of type null in C:\Users\draga\Local Sites\dragan-concept\app\public\wp-content\themes\dragan-concept\single-projet.php on line 29
[21-Aug-2023 10:32:10 UTC] PHP Warning:  Trying to access array offset on value of type null in C:\Users\draga\Local Sites\dragan-concept\app\public\wp-content\themes\dragan-concept\single-projet.php on line 29
[21-Aug-2023 10:32:10 UTC] PHP Warning:  Trying to access array offset on value of type null in C:\Users\draga\Local Sites\dragan-concept\app\public\wp-content\themes\dragan-concept\single-projet.php on line 36
[21-Aug-2023 10:32:10 UTC] PHP Warning:  Trying to access array offset on value of type null in C:\Users\draga\Local Sites\dragan-concept\app\public\wp-content\themes\dragan-concept\single-projet.php on line 36
[21-Aug-2023 10:32:10 UTC] PHP Warning:  Trying to access array offset on value of type null in C:\Users\draga\Local Sites\dragan-concept\app\public\wp-content\themes\dragan-concept\single-projet.php on line 39
[21-Aug-2023 10:32:10 UTC] PHP Warning:  Trying to access array offset on value of type null in C:\Users\draga\Local Sites\dragan-concept\app\public\wp-content\themes\dragan-concept\single-projet.php on line 39
[21-Aug-2023 10:35:01 UTC] PHP Warning:  Trying to access array offset on value of type null in C:\Users\draga\Local Sites\dragan-concept\app\public\wp-content\themes\dragan-concept\single-projet.php on line 29
[21-Aug-2023 10:35:01 UTC] PHP Warning:  Trying to access array offset on value of type null in C:\Users\draga\Local Sites\dragan-concept\app\public\wp-content\themes\dragan-concept\single-projet.php on line 29
[21-Aug-2023 10:35:01 UTC] PHP Warning:  Trying to access array offset on value of type null in C:\Users\draga\Local Sites\dragan-concept\app\public\wp-content\themes\dragan-concept\single-projet.php on line 36
[21-Aug-2023 10:35:01 UTC] PHP Warning:  Trying to access array offset on value of type null in C:\Users\draga\Local Sites\dragan-concept\app\public\wp-content\themes\dragan-concept\single-projet.php on line 36
[21-Aug-2023 10:35:01 UTC] PHP Warning:  Trying to access array offset on value of type null in C:\Users\draga\Local Sites\dragan-concept\app\public\wp-content\themes\dragan-concept\single-projet.php on line 39
[21-Aug-2023 10:35:01 UTC] PHP Warning:  Trying to access array offset on value of type null in C:\Users\draga\Local Sites\dragan-concept\app\public\wp-content\themes\dragan-concept\single-projet.php on line 39
[21-Aug-2023 10:47:06 UTC] PHP Warning:  Trying to access array offset on value of type null in C:\Users\draga\Local Sites\dragan-concept\app\public\wp-content\themes\dragan-concept\single-projet.php on line 29
[21-Aug-2023 10:47:06 UTC] PHP Warning:  Trying to access array offset on value of type null in C:\Users\draga\Local Sites\dragan-concept\app\public\wp-content\themes\dragan-concept\single-projet.php on line 29
[21-Aug-2023 10:47:06 UTC] PHP Warning:  Trying to access array offset on value of type null in C:\Users\draga\Local Sites\dragan-concept\app\public\wp-content\themes\dragan-concept\single-projet.php on line 36
[21-Aug-2023 10:47:06 UTC] PHP Warning:  Trying to access array offset on value of type null in C:\Users\draga\Local Sites\dragan-concept\app\public\wp-content\themes\dragan-concept\single-projet.php on line 36
[21-Aug-2023 10:47:06 UTC] PHP Warning:  Trying to access array offset on value of type null in C:\Users\draga\Local Sites\dragan-concept\app\public\wp-content\themes\dragan-concept\single-projet.php on line 39
[21-Aug-2023 10:47:06 UTC] PHP Warning:  Trying to access array offset on value of type null in C:\Users\draga\Local Sites\dragan-concept\app\public\wp-content\themes\dragan-concept\single-projet.php on line 39
[21-Aug-2023 10:54:41 UTC] PHP Warning:  Trying to access array offset on value of type null in C:\Users\draga\Local Sites\dragan-concept\app\public\wp-content\themes\dragan-concept\single-projet.php on line 31
[21-Aug-2023 10:54:41 UTC] PHP Warning:  Trying to access array offset on value of type null in C:\Users\draga\Local Sites\dragan-concept\app\public\wp-content\themes\dragan-concept\single-projet.php on line 38
[21-Aug-2023 10:54:41 UTC] PHP Warning:  Undefined variable $image4 in C:\Users\draga\Local Sites\dragan-concept\app\public\wp-content\themes\dragan-concept\single-projet.php on line 41
[21-Aug-2023 10:54:41 UTC] PHP Warning:  Trying to access array offset on value of type null in C:\Users\draga\Local Sites\dragan-concept\app\public\wp-content\themes\dragan-concept\single-projet.php on line 41
[21-Aug-2023 10:54:51 UTC] PHP Warning:  Undefined variable $image4 in C:\Users\draga\Local Sites\dragan-concept\app\public\wp-content\themes\dragan-concept\single-projet.php on line 41
[21-Aug-2023 10:54:51 UTC] PHP Warning:  Trying to access array offset on value of type null in C:\Users\draga\Local Sites\dragan-concept\app\public\wp-content\themes\dragan-concept\single-projet.php on line 41
[21-Aug-2023 10:55:00 UTC] PHP Warning:  Undefined variable $image4 in C:\Users\draga\Local Sites\dragan-concept\app\public\wp-content\themes\dragan-concept\single-projet.php on line 41
[21-Aug-2023 10:55:00 UTC] PHP Warning:  Trying to access array offset on value of type null in C:\Users\draga\Local Sites\dragan-concept\app\public\wp-content\themes\dragan-concept\single-projet.php on line 41
[21-Aug-2023 10:55:24 UTC] PHP Warning:  Undefined variable $image4 in C:\Users\draga\Local Sites\dragan-concept\app\public\wp-content\themes\dragan-concept\single-projet.php on line 41
[21-Aug-2023 10:55:24 UTC] PHP Warning:  Trying to access array offset on value of type null in C:\Users\draga\Local Sites\dragan-concept\app\public\wp-content\themes\dragan-concept\single-projet.php on line 41
[21-Aug-2023 10:55:25 UTC] PHP Warning:  Undefined variable $image4 in C:\Users\draga\Local Sites\dragan-concept\app\public\wp-content\themes\dragan-concept\single-projet.php on line 41
[21-Aug-2023 10:55:25 UTC] PHP Warning:  Trying to access array offset on value of type null in C:\Users\draga\Local Sites\dragan-concept\app\public\wp-content\themes\dragan-concept\single-projet.php on line 41
[21-Aug-2023 10:55:28 UTC] PHP Warning:  Undefined variable $image4 in C:\Users\draga\Local Sites\dragan-concept\app\public\wp-content\themes\dragan-concept\single-projet.php on line 41
[21-Aug-2023 10:55:28 UTC] PHP Warning:  Trying to access array offset on value of type null in C:\Users\draga\Local Sites\dragan-concept\app\public\wp-content\themes\dragan-concept\single-projet.php on line 41
[21-Aug-2023 10:55:30 UTC] PHP Warning:  Undefined variable $image4 in C:\Users\draga\Local Sites\dragan-concept\app\public\wp-content\themes\dragan-concept\single-projet.php on line 41
[21-Aug-2023 10:55:30 UTC] PHP Warning:  Trying to access array offset on value of type null in C:\Users\draga\Local Sites\dragan-concept\app\public\wp-content\themes\dragan-concept\single-projet.php on line 41
[21-Aug-2023 10:55:31 UTC] PHP Warning:  Undefined variable $image4 in C:\Users\draga\Local Sites\dragan-concept\app\public\wp-content\themes\dragan-concept\single-projet.php on line 41
[21-Aug-2023 10:55:31 UTC] PHP Warning:  Trying to access array offset on value of type null in C:\Users\draga\Local Sites\dragan-concept\app\public\wp-content\themes\dragan-concept\single-projet.php on line 41
[23-Aug-2023 15:40:02 UTC] PHP Warning:  Attempt to read property "title" on null in C:\Users\draga\Local Sites\dragan-concept\app\public\wp-includes\class-wp-customize-widgets.php on line 905
[23-Aug-2023 15:41:56 UTC] PHP Warning:  Attempt to read property "title" on null in C:\Users\draga\Local Sites\dragan-concept\app\public\wp-includes\class-wp-customize-widgets.php on line 905
[29-Aug-2023 07:13:17 UTC] PHP Warning:  Array to string conversion in C:\Users\draga\Local Sites\dragan-concept\app\public\wp-includes\formatting.php on line 1104
[04-Sep-2023 10:20:58 UTC] PHP Warning:  Attempt to read property "title" on null in C:\Users\draga\Local Sites\dragan-concept\app\public\wp-includes\class-wp-customize-widgets.php on line 905
